<?xml version="1.0" encoding="UTF-8"?>
<!-- Generated by org.testng.reporters.JUnitReportReporter -->
<testsuite hostname="LAPTOP-H4P6QONU" failures="0" tests="2" name="Mevan_Frame.Academy.HomePage" time="13.807" errors="0" timestamp="08 Feb 2020 05:38:27 GMT" skipped="0">
  <testcase classname="Mevan_Frame.Academy.HomePage" name="basePageNavigation" time="7.221"/>
  <testcase classname="Mevan_Frame.Academy.HomePage" name="basePageNavigation" time="6.586"/>
</testsuite> <!-- Mevan_Frame.Academy.HomePage -->
